<?xml version="1.0" encoding="UTF-8"?>
<!-- Generated by org.testng.reporters.JUnitReportReporter -->
<testsuite hostname="DESKTOP-5966DD6" failures="0" tests="2" name="regressionTest.BasicLogIn" time="0.009" errors="0" timestamp="2024-02-19T19:40:24 IST" skipped="0">
  <testcase classname="regressionTest.BasicLogIn" name="doUserReg" time="0.005"/>
  <testcase classname="regressionTest.BasicLogIn" name="doLogIn" time="0.004"/>
</testsuite> <!-- regressionTest.BasicLogIn -->
