<?xml version="1.0" encoding="UTF-8"?>
<!-- Generated by org.testng.reporters.JUnitReportReporter -->
<testsuite hostname="DESKTOP-5966DD6" failures="0" tests="5" name="testcases.Test1" time="0.038" errors="0" timestamp="2024-02-21T20:58:18 IST" skipped="0">
  <testcase classname="testcases.Test1" name="doUserReg" time="0.010"/>
  <testcase classname="testcases.Test1" name="doLogIn" time="0.009"/>
  <testcase classname="testcases.Test1" name="thirdTest" time="0.008"/>
  <testcase classname="testcases.Test1" name="fourTest" time="0.006"/>
  <testcase classname="testcases.Test1" name="fiveTest" time="0.005"/>
  <system-out>
    <![CDATA[<a href="C:\Users\AMIT\Pictures\Screenshots.jpg"> Screenshot links</a>
<br>
<a href="C:\Users\AMIT\Pictures\Screenshots.jpg" target="_blank"> <img height =200 width=200 scr="C:\Users\AMIT\Pictures\Screenshots.jpg" Screenshot links</a>
<a href="C:\Users\AMIT\Pictures\Screenshots.jpg"> Screenshot links</a>
<br>
<a href="C:\Users\AMIT\Pictures\Screenshots.jpg" target="_blank"> <img height =200 width=200 scr="C:\Users\AMIT\Pictures\Screenshots.jpg" Screenshot links</a>]]>
  </system-out>
</testsuite> <!-- testcases.Test1 -->
