<?xml version="1.0" encoding="UTF-8"?>
<!-- Generated by org.testng.reporters.JUnitReportReporter -->
<testsuite hostname="DESKTOP-5966DD6" failures="0" tests="12" name="parameterization.ParameterTest" time="0.074" errors="0" timestamp="2024-02-22T12:18:59 IST" skipped="0">
  <testcase classname="parameterization.ParameterTest" name="doLogIn" time="0.014"/>
  <testcase classname="parameterization.ParameterTest" name="doLogIn" time="0.007"/>
  <testcase classname="parameterization.ParameterTest" name="doLogIn" time="0.002"/>
  <testcase classname="parameterization.ParameterTest" name="doLogIn" time="0.007"/>
  <testcase classname="parameterization.ParameterTest" name="doLogIn" time="0.006"/>
  <testcase classname="parameterization.ParameterTest" name="doLogIn" time="0.006"/>
  <testcase classname="parameterization.ParameterTest" name="doLogIn" time="0.007"/>
  <testcase classname="parameterization.ParameterTest" name="doLogIn" time="0.007"/>
  <testcase classname="parameterization.ParameterTest" name="doLogIn" time="0.003"/>
  <testcase classname="parameterization.ParameterTest" name="doLogIn" time="0.006"/>
  <testcase classname="parameterization.ParameterTest" name="doLogIn" time="0.003"/>
  <testcase classname="parameterization.ParameterTest" name="doLogIn" time="0.006"/>
</testsuite> <!-- parameterization.ParameterTest -->
