<?xml version="1.0" encoding="UTF-8"?>
<!-- Generated by org.testng.reporters.JUnitReportReporter -->
<testsuite hostname="DESKTOP-EQGDIG6" failures="0" tests="4" name="parallelTest.TestClass3" time="0.145" errors="0" timestamp="2025-01-04T19:20:37 IST" skipped="0">
  <testcase classname="parallelTest.TestClass3" name="testMethod10" time="0.058"/>
  <testcase classname="parallelTest.TestClass3" name="testMethod9" time="0.020"/>
  <testcase classname="parallelTest.TestClass3" name="testMethod11" time="0.025"/>
  <testcase classname="parallelTest.TestClass3" name="testMethod12" time="0.042"/>
</testsuite> <!-- parallelTest.TestClass3 -->
