<?xml version="1.0" encoding="UTF-8"?>
<!-- Generated by org.testng.reporters.JUnitReportReporter -->
<testsuite hostname="DESKTOP-EQGDIG6" failures="0" tests="2" name="parallelTest.TestBrowser" time="4.038" errors="0" timestamp="2025-01-05T12:34:21 IST" skipped="0">
  <testcase classname="parallelTest.TestBrowser" name="doLogin" time="2.019"/>
  <testcase classname="parallelTest.TestBrowser" name="doLogin" time="2.019"/>
</testsuite> <!-- parallelTest.TestBrowser -->
