<?xml version="1.0" encoding="UTF-8"?>
<!-- Generated by org.testng.reporters.JUnitReportReporter -->
<testsuite hostname="DESKTOP-EQGDIG6" failures="0" tests="5" name="parallelTest.TestClass1" time="0.211" errors="0" timestamp="2025-01-04T19:20:37 IST" skipped="0">
  <testcase classname="parallelTest.TestClass1" name="testMethod2" time="0.048"/>
  <testcase classname="parallelTest.TestClass1" name="testMethod3" time="0.073"/>
  <testcase classname="parallelTest.TestClass1" name="testMethod5" time="0.023"/>
  <testcase classname="parallelTest.TestClass1" name="testMethod1" time="0.051"/>
  <testcase classname="parallelTest.TestClass1" name="testMethod4" time="0.016"/>
</testsuite> <!-- parallelTest.TestClass1 -->
