<?xml version="1.0" encoding="UTF-8"?>
<!-- Generated by org.testng.reporters.JUnitReportReporter -->
<testsuite hostname="DESKTOP-5966DD6" failures="0" tests="2" name="testcases.BasicLogIn" time="0.009" errors="0" timestamp="2024-02-21T20:58:18 IST" skipped="0">
  <testcase classname="testcases.BasicLogIn" name="doUserReg" time="0.005"/>
  <testcase classname="testcases.BasicLogIn" name="doLogIn" time="0.004"/>
  <system-out>
    <![CDATA[<a href="C:\Users\AMIT\Pictures\Screenshots.jpg"> Screenshot links</a>
<br>
<a href="C:\Users\AMIT\Pictures\Screenshots.jpg" target="_blank"> <img height =200 width=200 scr="C:\Users\AMIT\Pictures\Screenshots.jpg" Screenshot links</a>
<a href="C:\Users\AMIT\Pictures\Screenshots.jpg"> Screenshot links</a>
<br>
<a href="C:\Users\AMIT\Pictures\Screenshots.jpg" target="_blank"> <img height =200 width=200 scr="C:\Users\AMIT\Pictures\Screenshots.jpg" Screenshot links</a>]]>
  </system-out>
</testsuite> <!-- testcases.BasicLogIn -->
