<?xml version="1.0" encoding="UTF-8"?>
<!-- Generated by org.testng.reporters.JUnitReportReporter -->
<testsuite hostname="DESKTOP-5966DD6" failures="0" tests="2" name="testcases.BasicLogIn" time="0.018" errors="0" timestamp="2024-02-19T19:40:24 IST" skipped="0">
  <testcase classname="testcases.BasicLogIn" name="doUserReg" time="0.008"/>
  <testcase classname="testcases.BasicLogIn" name="doLogIn" time="0.010"/>
</testsuite> <!-- testcases.BasicLogIn -->
