<?xml version="1.0" encoding="UTF-8"?>
<!-- Generated by org.testng.reporters.JUnitReportReporter -->
<testsuite hostname="DESKTOP-EQGDIG6" failures="0" tests="2" name="parallelTest.ParallelDataProvider" time="4.200" errors="0" timestamp="2025-01-05T12:43:22 IST" skipped="0">
  <testcase classname="parallelTest.ParallelDataProvider" name="doLogin" time="2.100"/>
  <testcase classname="parallelTest.ParallelDataProvider" name="doLogin" time="2.100"/>
</testsuite> <!-- parallelTest.ParallelDataProvider -->
