<?xml version="1.0" encoding="UTF-8"?>
<!-- Generated by org.testng.reporters.JUnitReportReporter -->
<testsuite hostname="DESKTOP-EQGDIG6" failures="0" tests="5" name="testcases.TestInvocationCount" time="82.252" errors="0" timestamp="2025-01-05T12:57:31 IST" skipped="0">
  <testcase classname="testcases.TestInvocationCount" name="executeTest" time="16.311"/>
  <testcase classname="testcases.TestInvocationCount" name="executeTest" time="16.090"/>
  <testcase classname="testcases.TestInvocationCount" name="executeTest" time="16.569"/>
  <testcase classname="testcases.TestInvocationCount" name="executeTest" time="16.611"/>
  <testcase classname="testcases.TestInvocationCount" name="executeTest" time="16.671"/>
</testsuite> <!-- testcases.TestInvocationCount -->
