<?xml version="1.0" encoding="UTF-8"?>
<!-- Generated by org.testng.reporters.JUnitReportReporter -->
<testsuite hostname="DESKTOP-EQGDIG6" failures="0" tests="4" name="parallelTest.TestClass3" time="0.040" errors="0" timestamp="2025-01-05T12:34:21 IST" skipped="0">
  <testcase classname="parallelTest.TestClass3" name="testMethod10" time="0.007"/>
  <testcase classname="parallelTest.TestClass3" name="testMethod12" time="0.025"/>
  <testcase classname="parallelTest.TestClass3" name="testMethod9" time="0.003"/>
  <testcase classname="parallelTest.TestClass3" name="testMethod11" time="0.005"/>
</testsuite> <!-- parallelTest.TestClass3 -->
