<?xml version="1.0" encoding="UTF-8"?>
<!-- Generated by org.testng.reporters.JUnitReportReporter -->
<testsuite hostname="DESKTOP-5966DD6" failures="0" tests="1" name="testcases.ValidationTest" time="0.021" errors="0" timestamp="2024-02-19T19:40:24 IST" skipped="0">
  <testcase classname="testcases.ValidationTest" name="validateTitle" time="0.021"/>
</testsuite> <!-- testcases.ValidationTest -->
