<?xml version="1.0" encoding="UTF-8"?>
<!-- Generated by org.testng.reporters.JUnitReportReporter -->
<testsuite hostname="DESKTOP-EQGDIG6" failures="0" tests="5" name="parallelTest.TestClass1" time="0.172" errors="0" timestamp="2025-01-05T12:34:21 IST" skipped="0">
  <testcase classname="parallelTest.TestClass1" name="testMethod3" time="0.071"/>
  <testcase classname="parallelTest.TestClass1" name="testMethod1" time="0.034"/>
  <testcase classname="parallelTest.TestClass1" name="testMethod5" time="0.016"/>
  <testcase classname="parallelTest.TestClass1" name="testMethod4" time="0.016"/>
  <testcase classname="parallelTest.TestClass1" name="testMethod2" time="0.035"/>
</testsuite> <!-- parallelTest.TestClass1 -->
