<?xml version="1.0" encoding="UTF-8"?>
<!-- Generated by org.testng.reporters.JUnitReportReporter -->
<testsuite hostname="DESKTOP-EQGDIG6" failures="0" tests="1" name="customListerners.Practice" time="0.022" errors="0" timestamp="2025-01-09T13:46:36 IST" skipped="0">
  <testcase classname="customListerners.Practice" name="add" time="0.022"/>
</testsuite> <!-- customListerners.Practice -->
