<?xml version="1.0" encoding="UTF-8"?>
<!-- Generated by org.testng.reporters.JUnitReportReporter -->
<testsuite hostname="DESKTOP-EQGDIG6" failures="0" tests="3" name="parallelTest.TestClass2" time="0.034" errors="0" timestamp="2025-01-05T12:34:21 IST" skipped="0">
  <testcase classname="parallelTest.TestClass2" name="testMethod6" time="0.008"/>
  <testcase classname="parallelTest.TestClass2" name="testMethod8" time="0.004"/>
  <testcase classname="parallelTest.TestClass2" name="testMethod7" time="0.022"/>
</testsuite> <!-- parallelTest.TestClass2 -->
