<?xml version="1.0" encoding="UTF-8"?>
<!-- Generated by org.testng.reporters.JUnitReportReporter -->
<testsuite hostname="DESKTOP-EQGDIG6" failures="0" tests="12" name="parameterization.ParameterTest" time="0.143" errors="0" timestamp="2025-01-04T20:23:27 IST" skipped="0">
  <testcase classname="parameterization.ParameterTest" name="doLogIn" time="0.024"/>
  <testcase classname="parameterization.ParameterTest" name="doLogIn" time="0.013"/>
  <testcase classname="parameterization.ParameterTest" name="doLogIn" time="0.032"/>
  <testcase classname="parameterization.ParameterTest" name="doLogIn" time="0.004"/>
  <testcase classname="parameterization.ParameterTest" name="doLogIn" time="0.015"/>
  <testcase classname="parameterization.ParameterTest" name="doLogIn" time="0.004"/>
  <testcase classname="parameterization.ParameterTest" name="doLogIn" time="0.011"/>
  <testcase classname="parameterization.ParameterTest" name="doLogIn" time="0.015"/>
  <testcase classname="parameterization.ParameterTest" name="doLogIn" time="0.005"/>
  <testcase classname="parameterization.ParameterTest" name="doLogIn" time="0.005"/>
  <testcase classname="parameterization.ParameterTest" name="doLogIn" time="0.007"/>
  <testcase classname="parameterization.ParameterTest" name="doLogIn" time="0.008"/>
</testsuite> <!-- parameterization.ParameterTest -->
