<?xml version="1.0" encoding="UTF-8"?>
<!-- Generated by org.testng.reporters.JUnitReportReporter -->
<testsuite hostname="DESKTOP-5966DD6" failures="0" tests="3" name="parallelTest.TestClass2" time="0.048" errors="0" timestamp="2024-02-24T13:04:04 IST" skipped="0">
  <testcase classname="parallelTest.TestClass2" name="testMethod7" time="0.005"/>
  <testcase classname="parallelTest.TestClass2" name="testMethod6" time="0.008"/>
  <testcase classname="parallelTest.TestClass2" name="testMethod8" time="0.035"/>
</testsuite> <!-- parallelTest.TestClass2 -->
