<?xml version="1.0" encoding="UTF-8"?>
<!-- Generated by org.testng.reporters.JUnitReportReporter -->
<testsuite hostname="DESKTOP-5966DD6" failures="0" tests="5" name="parallelTest.TestClass1" time="0.075" errors="0" timestamp="2024-02-24T13:04:04 IST" skipped="0">
  <testcase classname="parallelTest.TestClass1" name="testMethod3" time="0.009"/>
  <testcase classname="parallelTest.TestClass1" name="testMethod4" time="0.021"/>
  <testcase classname="parallelTest.TestClass1" name="testMethod2" time="0.010"/>
  <testcase classname="parallelTest.TestClass1" name="testMethod1" time="0.025"/>
  <testcase classname="parallelTest.TestClass1" name="testMethod5" time="0.010"/>
</testsuite> <!-- parallelTest.TestClass1 -->
